New log file opened at Wed Dec 02 19:23:58 IST 2015 by 12600@ws-fadih-7
Taking next connection to: 62220
New client attempting to connect on port: 62221-62220
  Address = /172.30.200.136:62220
This client on port 62221 has uuid 0703d15b-7d6d-4a9d-a0a8-e63523972677 configName activator humanReadableName Activator protocolVersion 3 featureTags Vector()
Connected Clients: activator-0703d15b-7d6d-4a9d-a0a8-e63523972677
Taking next connection to: 62220
New client attempting to connect on port: 62222-62220
  Address = /172.30.200.136:62220
Handshake exception on socket: 62222
sbt.impl.ipc.HandshakeException: Unable to perform handshake
	at sbt.impl.ipc.Peer.handshake(IPC.scala:46)
	at sbt.impl.ipc.MultiClientServer.<init>(IPC.scala:150)
	at sbt.server.SbtServerSocketHandler$$anon$1.run(SbtServerSocketHandler.scala:43)
Caused by: java.net.SocketException: Software caused connection abort: recv failed
	at java.net.SocketInputStream.socketRead0(Native Method)
	at java.net.SocketInputStream.socketRead(SocketInputStream.java:116)
	at java.net.SocketInputStream.read(SocketInputStream.java:170)
	at java.net.SocketInputStream.read(SocketInputStream.java:141)
	at java.io.BufferedInputStream.fill(BufferedInputStream.java:246)
	at java.io.BufferedInputStream.read(BufferedInputStream.java:265)
	at java.io.DataInputStream.readInt(DataInputStream.java:387)
	at sbt.impl.ipc.Peer.receive(IPC.scala:95)
	at sbt.impl.ipc.Peer.handshake(IPC.scala:49)
	... 2 more
Taking next connection to: 62220
New client attempting to connect on port: 62223-62220
  Address = /172.30.200.136:62220
This client on port 62223 has uuid b4b75b99-d1af-4d3b-905d-8b1e7e1d3431 configName activator humanReadableName Activator protocolVersion 3 featureTags Vector()
Connected Clients: activator-0703d15b-7d6d-4a9d-a0a8-e63523972677, activator-b4b75b99-d1af-4d3b-905d-8b1e7e1d3431
Taking next connection to: 62220
New client attempting to connect on port: 62229-62220
  Address = /172.30.200.136:62220
Handshake exception on socket: 62229
sbt.impl.ipc.HandshakeException: Unable to perform handshake
	at sbt.impl.ipc.Peer.handshake(IPC.scala:46)
	at sbt.impl.ipc.MultiClientServer.<init>(IPC.scala:150)
	at sbt.server.SbtServerSocketHandler$$anon$1.run(SbtServerSocketHandler.scala:43)
Caused by: java.net.SocketException: Software caused connection abort: recv failed
	at java.net.SocketInputStream.socketRead0(Native Method)
	at java.net.SocketInputStream.socketRead(SocketInputStream.java:116)
	at java.net.SocketInputStream.read(SocketInputStream.java:170)
	at java.net.SocketInputStream.read(SocketInputStream.java:141)
	at java.io.BufferedInputStream.fill(BufferedInputStream.java:246)
	at java.io.BufferedInputStream.read(BufferedInputStream.java:265)
	at java.io.DataInputStream.readInt(DataInputStream.java:387)
	at sbt.impl.ipc.Peer.receive(IPC.scala:95)
	at sbt.impl.ipc.Peer.handshake(IPC.scala:49)
	... 2 more
Taking next connection to: 62220
New client attempting to connect on port: 62230-62220
  Address = /172.30.200.136:62220
This client on port 62230 has uuid 86e76449-e740-44ca-bdb6-f34d23db1a9c configName play-fork-run humanReadableName Play Fork Run protocolVersion 1 featureTags Vector()
Connected Clients: activator-0703d15b-7d6d-4a9d-a0a8-e63523972677, activator-b4b75b99-d1af-4d3b-905d-8b1e7e1d3431, play-fork-run-86e76449-e740-44ca-bdb6-f34d23db1a9c
Taking next connection to: 62220
Checking to see if clients are empty...
We have 1 non-daemon clients, continuing serving connections.
Taking next connection to: 62220
